Running 50 experiments for each model...
Running GP experiments...

============================================================
STARTING RUN 0 (GP)
============================================================
torch.Size([9, 5])
RuntimeError during GP training. Treating as underdetermined.
torch.Size([12, 5])
torch.Size([15, 5])
torch.Size([18, 5])
torch.Size([21, 5])
torch.Size([24, 5])
torch.Size([27, 5])
torch.Size([30, 5])
torch.Size([33, 5])
torch.Size([36, 5])
torch.Size([39, 5])
torch.Size([42, 5])
torch.Size([45, 5])
torch.Size([48, 5])
torch.Size([51, 5])
torch.Size([54, 5])
torch.Size([57, 5])
torch.Size([60, 5])
torch.Size([63, 5])
torch.Size([66, 5])
torch.Size([69, 5])
torch.Size([72, 5])
torch.Size([75, 5])
torch.Size([78, 5])
torch.Size([81, 5])
torch.Size([84, 5])
torch.Size([87, 5])
  GP: Completed run 0/49

============================================================
STARTING RUN 1 (GP)
============================================================
torch.Size([9, 5])
torch.Size([12, 5])
torch.Size([15, 5])
torch.Size([18, 5])
torch.Size([21, 5])
torch.Size([24, 5])
torch.Size([27, 5])
torch.Size([30, 5])
torch.Size([33, 5])
torch.Size([36, 5])
torch.Size([39, 5])
torch.Size([42, 5])
torch.Size([45, 5])
torch.Size([48, 5])
torch.Size([51, 5])
torch.Size([54, 5])
torch.Size([57, 5])
torch.Size([60, 5])
torch.Size([63, 5])
torch.Size([66, 5])
torch.Size([69, 5])
torch.Size([72, 5])
torch.Size([75, 5])
torch.Size([78, 5])
torch.Size([81, 5])
torch.Size([84, 5])
torch.Size([87, 5])
  GP: Completed run 1/49

============================================================
STARTING RUN 2 (GP)
============================================================
torch.Size([9, 5])
torch.Size([12, 5])
torch.Size([15, 5])
torch.Size([18, 5])
torch.Size([21, 5])
torch.Size([24, 5])
torch.Size([27, 5])
torch.Size([30, 5])
torch.Size([33, 5])
torch.Size([36, 5])
torch.Size([39, 5])
torch.Size([42, 5])
torch.Size([45, 5])
torch.Size([48, 5])
torch.Size([51, 5])
torch.Size([54, 5])
torch.Size([57, 5])
torch.Size([60, 5])
torch.Size([63, 5])
torch.Size([66, 5])
torch.Size([69, 5])
torch.Size([72, 5])
torch.Size([75, 5])
torch.Size([78, 5])
torch.Size([81, 5])
torch.Size([84, 5])
torch.Size([87, 5])
  GP: Completed run 2/49

============================================================
STARTING RUN 3 (GP)
============================================================
torch.Size([9, 5])
torch.Size([12, 5])
torch.Size([15, 5])
torch.Size([18, 5])
torch.Size([21, 5])
torch.Size([24, 5])
torch.Size([27, 5])
torch.Size([30, 5])
torch.Size([33, 5])
torch.Size([36, 5])
torch.Size([39, 5])
torch.Size([42, 5])
torch.Size([45, 5])
torch.Size([48, 5])
torch.Size([51, 5])
torch.Size([54, 5])
torch.Size([57, 5])
torch.Size([60, 5])
torch.Size([63, 5])
torch.Size([66, 5])
torch.Size([69, 5])
torch.Size([72, 5])
torch.Size([75, 5])
torch.Size([78, 5])
torch.Size([81, 5])
torch.Size([84, 5])
torch.Size([87, 5])
  GP: Completed run 3/49

============================================================
STARTING RUN 4 (GP)
============================================================
torch.Size([9, 5])
torch.Size([12, 5])
torch.Size([15, 5])
torch.Size([18, 5])
torch.Size([21, 5])
torch.Size([24, 5])
torch.Size([27, 5])
torch.Size([30, 5])
torch.Size([33, 5])
torch.Size([36, 5])
torch.Size([39, 5])
torch.Size([42, 5])
torch.Size([45, 5])
torch.Size([48, 5])
torch.Size([51, 5])
torch.Size([54, 5])
torch.Size([57, 5])
torch.Size([60, 5])
torch.Size([63, 5])
torch.Size([66, 5])
torch.Size([69, 5])
torch.Size([72, 5])
torch.Size([75, 5])
torch.Size([78, 5])
torch.Size([81, 5])
torch.Size([84, 5])
torch.Size([87, 5])
  GP: Completed run 4/49

============================================================
STARTING RUN 5 (GP)
============================================================
torch.Size([9, 5])
torch.Size([12, 5])
torch.Size([15, 5])
torch.Size([18, 5])
torch.Size([21, 5])
torch.Size([24, 5])
torch.Size([27, 5])
torch.Size([30, 5])
torch.Size([33, 5])
torch.Size([36, 5])
torch.Size([39, 5])
torch.Size([42, 5])
torch.Size([45, 5])
torch.Size([48, 5])
torch.Size([51, 5])
torch.Size([54, 5])
torch.Size([57, 5])
torch.Size([60, 5])
torch.Size([63, 5])
torch.Size([66, 5])
torch.Size([69, 5])
torch.Size([72, 5])
torch.Size([75, 5])
torch.Size([78, 5])
torch.Size([81, 5])
torch.Size([84, 5])
torch.Size([87, 5])
  GP: Completed run 5/49

============================================================
STARTING RUN 6 (GP)
============================================================
torch.Size([9, 5])
torch.Size([12, 5])
torch.Size([15, 5])
torch.Size([18, 5])
torch.Size([21, 5])
torch.Size([24, 5])
torch.Size([27, 5])
torch.Size([30, 5])
torch.Size([33, 5])
torch.Size([36, 5])
torch.Size([39, 5])
torch.Size([42, 5])
torch.Size([45, 5])
torch.Size([48, 5])
torch.Size([51, 5])
torch.Size([54, 5])
torch.Size([57, 5])
torch.Size([60, 5])
torch.Size([63, 5])
torch.Size([66, 5])
torch.Size([69, 5])
torch.Size([72, 5])
torch.Size([75, 5])
torch.Size([78, 5])
torch.Size([81, 5])
torch.Size([84, 5])
torch.Size([87, 5])
  GP: Completed run 6/49

============================================================
STARTING RUN 7 (GP)
============================================================
torch.Size([9, 5])
torch.Size([12, 5])
torch.Size([15, 5])
torch.Size([18, 5])
torch.Size([21, 5])
torch.Size([24, 5])
torch.Size([27, 5])
torch.Size([30, 5])
torch.Size([33, 5])
torch.Size([36, 5])
torch.Size([39, 5])
torch.Size([42, 5])
torch.Size([45, 5])
torch.Size([48, 5])
torch.Size([51, 5])
torch.Size([54, 5])
torch.Size([57, 5])
torch.Size([60, 5])
torch.Size([63, 5])
torch.Size([66, 5])
torch.Size([69, 5])
torch.Size([72, 5])
torch.Size([75, 5])
torch.Size([78, 5])
torch.Size([81, 5])
torch.Size([84, 5])
torch.Size([87, 5])
  GP: Completed run 7/49

============================================================
STARTING RUN 8 (GP)
============================================================
torch.Size([9, 5])
torch.Size([12, 5])
torch.Size([15, 5])
torch.Size([18, 5])
torch.Size([21, 5])
torch.Size([24, 5])
torch.Size([27, 5])
torch.Size([30, 5])
torch.Size([33, 5])
torch.Size([36, 5])
torch.Size([39, 5])
torch.Size([42, 5])
torch.Size([45, 5])
torch.Size([48, 5])
torch.Size([51, 5])
torch.Size([54, 5])
torch.Size([57, 5])
torch.Size([60, 5])
torch.Size([63, 5])
torch.Size([66, 5])
torch.Size([69, 5])
torch.Size([72, 5])
torch.Size([75, 5])
torch.Size([78, 5])
torch.Size([81, 5])
torch.Size([84, 5])
torch.Size([87, 5])
  GP: Completed run 8/49

============================================================
STARTING RUN 9 (GP)
============================================================
torch.Size([9, 5])
torch.Size([12, 5])
torch.Size([15, 5])
torch.Size([18, 5])
torch.Size([21, 5])
torch.Size([24, 5])
torch.Size([27, 5])
torch.Size([30, 5])
torch.Size([33, 5])
torch.Size([36, 5])
torch.Size([39, 5])
torch.Size([42, 5])
torch.Size([45, 5])
torch.Size([48, 5])
torch.Size([51, 5])
torch.Size([54, 5])
torch.Size([57, 5])
torch.Size([60, 5])
torch.Size([63, 5])
torch.Size([66, 5])
torch.Size([69, 5])
torch.Size([72, 5])
torch.Size([75, 5])
torch.Size([78, 5])
torch.Size([81, 5])
torch.Size([84, 5])
torch.Size([87, 5])
  GP: Completed run 9/49

============================================================
STARTING RUN 10 (GP)
============================================================
torch.Size([9, 5])
torch.Size([12, 5])
torch.Size([15, 5])
torch.Size([18, 5])
torch.Size([21, 5])
torch.Size([24, 5])
torch.Size([27, 5])
torch.Size([30, 5])
torch.Size([33, 5])
torch.Size([36, 5])
torch.Size([39, 5])
torch.Size([42, 5])
torch.Size([45, 5])
torch.Size([48, 5])
torch.Size([51, 5])
torch.Size([54, 5])
torch.Size([57, 5])
torch.Size([60, 5])
torch.Size([63, 5])
torch.Size([66, 5])
torch.Size([69, 5])
torch.Size([72, 5])
torch.Size([75, 5])
torch.Size([78, 5])
torch.Size([81, 5])
torch.Size([84, 5])
torch.Size([87, 5])
  GP: Completed run 10/49

============================================================
STARTING RUN 11 (GP)
============================================================
torch.Size([9, 5])
torch.Size([12, 5])
torch.Size([15, 5])
torch.Size([18, 5])
torch.Size([21, 5])
torch.Size([24, 5])
torch.Size([27, 5])
torch.Size([30, 5])
torch.Size([33, 5])
torch.Size([36, 5])
torch.Size([39, 5])
torch.Size([42, 5])
torch.Size([45, 5])
torch.Size([48, 5])
torch.Size([51, 5])
torch.Size([54, 5])
torch.Size([57, 5])
torch.Size([60, 5])
torch.Size([63, 5])
torch.Size([66, 5])
torch.Size([69, 5])
torch.Size([72, 5])
torch.Size([75, 5])
torch.Size([78, 5])
torch.Size([81, 5])
torch.Size([84, 5])
torch.Size([87, 5])
  GP: Completed run 11/49

============================================================
STARTING RUN 12 (GP)
============================================================
torch.Size([9, 5])
torch.Size([12, 5])
torch.Size([15, 5])
torch.Size([18, 5])
torch.Size([21, 5])
torch.Size([24, 5])
torch.Size([27, 5])
torch.Size([30, 5])
torch.Size([33, 5])
torch.Size([36, 5])
torch.Size([39, 5])
torch.Size([42, 5])
torch.Size([45, 5])
torch.Size([48, 5])
torch.Size([51, 5])
torch.Size([54, 5])
torch.Size([57, 5])
torch.Size([60, 5])
torch.Size([63, 5])
torch.Size([66, 5])
torch.Size([69, 5])
torch.Size([72, 5])
torch.Size([75, 5])
torch.Size([78, 5])
torch.Size([81, 5])
torch.Size([84, 5])
torch.Size([87, 5])
  GP: Completed run 12/49

============================================================
STARTING RUN 13 (GP)
============================================================
torch.Size([9, 5])
torch.Size([12, 5])
torch.Size([15, 5])
torch.Size([18, 5])
torch.Size([21, 5])
torch.Size([24, 5])
torch.Size([27, 5])
torch.Size([30, 5])
torch.Size([33, 5])
torch.Size([36, 5])
torch.Size([39, 5])
torch.Size([42, 5])
torch.Size([45, 5])
torch.Size([48, 5])
torch.Size([51, 5])
torch.Size([54, 5])
torch.Size([57, 5])
torch.Size([60, 5])
torch.Size([63, 5])
torch.Size([66, 5])
torch.Size([69, 5])
torch.Size([72, 5])
torch.Size([75, 5])
torch.Size([78, 5])
torch.Size([81, 5])
torch.Size([84, 5])
torch.Size([87, 5])
  GP: Completed run 13/49

============================================================
STARTING RUN 14 (GP)
============================================================
torch.Size([9, 5])
torch.Size([12, 5])
torch.Size([15, 5])
torch.Size([18, 5])
torch.Size([21, 5])
torch.Size([24, 5])
torch.Size([27, 5])
torch.Size([30, 5])
torch.Size([33, 5])
torch.Size([36, 5])
torch.Size([39, 5])
torch.Size([42, 5])
torch.Size([45, 5])
torch.Size([48, 5])
torch.Size([51, 5])
torch.Size([54, 5])
torch.Size([57, 5])
torch.Size([60, 5])
torch.Size([63, 5])
torch.Size([66, 5])
torch.Size([69, 5])
torch.Size([72, 5])
torch.Size([75, 5])
torch.Size([78, 5])
torch.Size([81, 5])
torch.Size([84, 5])
torch.Size([87, 5])
  GP: Completed run 14/49

============================================================
STARTING RUN 15 (GP)
============================================================
torch.Size([9, 5])
torch.Size([12, 5])
torch.Size([15, 5])
torch.Size([18, 5])
torch.Size([21, 5])
torch.Size([24, 5])
torch.Size([27, 5])
torch.Size([30, 5])
torch.Size([33, 5])
torch.Size([36, 5])
torch.Size([39, 5])
torch.Size([42, 5])
torch.Size([45, 5])
torch.Size([48, 5])
torch.Size([51, 5])
torch.Size([54, 5])
torch.Size([57, 5])
torch.Size([60, 5])
torch.Size([63, 5])
torch.Size([66, 5])
torch.Size([69, 5])
torch.Size([72, 5])
torch.Size([75, 5])
torch.Size([78, 5])
torch.Size([81, 5])
torch.Size([84, 5])
torch.Size([87, 5])
  GP: Completed run 15/49

============================================================
STARTING RUN 16 (GP)
============================================================
torch.Size([9, 5])
torch.Size([12, 5])
torch.Size([15, 5])
torch.Size([18, 5])
torch.Size([21, 5])
torch.Size([24, 5])
torch.Size([27, 5])
torch.Size([30, 5])
torch.Size([33, 5])
torch.Size([36, 5])
torch.Size([39, 5])
torch.Size([42, 5])
torch.Size([45, 5])
torch.Size([48, 5])
torch.Size([51, 5])
torch.Size([54, 5])
torch.Size([57, 5])
torch.Size([60, 5])
torch.Size([63, 5])
torch.Size([66, 5])
torch.Size([69, 5])
torch.Size([72, 5])
torch.Size([75, 5])
torch.Size([78, 5])
torch.Size([81, 5])
torch.Size([84, 5])
torch.Size([87, 5])
  GP: Completed run 16/49

============================================================
STARTING RUN 17 (GP)
============================================================
torch.Size([9, 5])
torch.Size([12, 5])
torch.Size([15, 5])
torch.Size([18, 5])
torch.Size([21, 5])
torch.Size([24, 5])
torch.Size([27, 5])
torch.Size([30, 5])
torch.Size([33, 5])
torch.Size([36, 5])
torch.Size([39, 5])
torch.Size([42, 5])
torch.Size([45, 5])
torch.Size([48, 5])
torch.Size([51, 5])
torch.Size([54, 5])
torch.Size([57, 5])
torch.Size([60, 5])
torch.Size([63, 5])
torch.Size([66, 5])
torch.Size([69, 5])
torch.Size([72, 5])
torch.Size([75, 5])
torch.Size([78, 5])
torch.Size([81, 5])
torch.Size([84, 5])
torch.Size([87, 5])
  GP: Completed run 17/49

============================================================
STARTING RUN 18 (GP)
============================================================
torch.Size([9, 5])
torch.Size([12, 5])
torch.Size([15, 5])
torch.Size([18, 5])
torch.Size([21, 5])
torch.Size([24, 5])
torch.Size([27, 5])
torch.Size([30, 5])
torch.Size([33, 5])
torch.Size([36, 5])
torch.Size([39, 5])
torch.Size([42, 5])
torch.Size([45, 5])
torch.Size([48, 5])
torch.Size([51, 5])
torch.Size([54, 5])
torch.Size([57, 5])
torch.Size([60, 5])
torch.Size([63, 5])
torch.Size([66, 5])
torch.Size([69, 5])
torch.Size([72, 5])
torch.Size([75, 5])
torch.Size([78, 5])
torch.Size([81, 5])
torch.Size([84, 5])
torch.Size([87, 5])
  GP: Completed run 18/49

============================================================
STARTING RUN 19 (GP)
============================================================
torch.Size([9, 5])
torch.Size([12, 5])
torch.Size([15, 5])
torch.Size([18, 5])
torch.Size([21, 5])
torch.Size([24, 5])
torch.Size([27, 5])
torch.Size([30, 5])
torch.Size([33, 5])
torch.Size([36, 5])
torch.Size([39, 5])
torch.Size([42, 5])
torch.Size([45, 5])
torch.Size([48, 5])
torch.Size([51, 5])
torch.Size([54, 5])
torch.Size([57, 5])
torch.Size([60, 5])
torch.Size([63, 5])
torch.Size([66, 5])
torch.Size([69, 5])
torch.Size([72, 5])
torch.Size([75, 5])
torch.Size([78, 5])
torch.Size([81, 5])
torch.Size([84, 5])
torch.Size([87, 5])
  GP: Completed run 19/49

============================================================
STARTING RUN 20 (GP)
============================================================
torch.Size([9, 5])
torch.Size([12, 5])
torch.Size([15, 5])
torch.Size([18, 5])
torch.Size([21, 5])
torch.Size([24, 5])
torch.Size([27, 5])
torch.Size([30, 5])
torch.Size([33, 5])
torch.Size([36, 5])
torch.Size([39, 5])
torch.Size([42, 5])
torch.Size([45, 5])
torch.Size([48, 5])
torch.Size([51, 5])
torch.Size([54, 5])
torch.Size([57, 5])
torch.Size([60, 5])
torch.Size([63, 5])
torch.Size([66, 5])
torch.Size([69, 5])
torch.Size([72, 5])
torch.Size([75, 5])
torch.Size([78, 5])
torch.Size([81, 5])
torch.Size([84, 5])
torch.Size([87, 5])
  GP: Completed run 20/49

============================================================
STARTING RUN 21 (GP)
============================================================
torch.Size([9, 5])
torch.Size([12, 5])
torch.Size([15, 5])
torch.Size([18, 5])
torch.Size([21, 5])
torch.Size([24, 5])
torch.Size([27, 5])
torch.Size([30, 5])
torch.Size([33, 5])
torch.Size([36, 5])
torch.Size([39, 5])
torch.Size([42, 5])
torch.Size([45, 5])
torch.Size([48, 5])
torch.Size([51, 5])
torch.Size([54, 5])
torch.Size([57, 5])
torch.Size([60, 5])
torch.Size([63, 5])
torch.Size([66, 5])
torch.Size([69, 5])
torch.Size([72, 5])
torch.Size([75, 5])
torch.Size([78, 5])
torch.Size([81, 5])
torch.Size([84, 5])
torch.Size([87, 5])
  GP: Completed run 21/49

============================================================
STARTING RUN 22 (GP)
============================================================
torch.Size([9, 5])
RuntimeError during GP training. Treating as underdetermined.
torch.Size([12, 5])
torch.Size([15, 5])
torch.Size([18, 5])
torch.Size([21, 5])
torch.Size([24, 5])
torch.Size([27, 5])
torch.Size([30, 5])
torch.Size([33, 5])
torch.Size([36, 5])
torch.Size([39, 5])
torch.Size([42, 5])
torch.Size([45, 5])
torch.Size([48, 5])
torch.Size([51, 5])
torch.Size([54, 5])
torch.Size([57, 5])
torch.Size([60, 5])
torch.Size([63, 5])
torch.Size([66, 5])
torch.Size([69, 5])
torch.Size([72, 5])
torch.Size([75, 5])
torch.Size([78, 5])
torch.Size([81, 5])
torch.Size([84, 5])
torch.Size([87, 5])
  GP: Completed run 22/49

============================================================
STARTING RUN 23 (GP)
============================================================
torch.Size([9, 5])
torch.Size([12, 5])
torch.Size([15, 5])
torch.Size([18, 5])
torch.Size([21, 5])
torch.Size([24, 5])
torch.Size([27, 5])
torch.Size([30, 5])
torch.Size([33, 5])
torch.Size([36, 5])
torch.Size([39, 5])
torch.Size([42, 5])
torch.Size([45, 5])
torch.Size([48, 5])
torch.Size([51, 5])
torch.Size([54, 5])
torch.Size([57, 5])
torch.Size([60, 5])
torch.Size([63, 5])
torch.Size([66, 5])
torch.Size([69, 5])
torch.Size([72, 5])
torch.Size([75, 5])
torch.Size([78, 5])
torch.Size([81, 5])
torch.Size([84, 5])
torch.Size([87, 5])
  GP: Completed run 23/49

============================================================
STARTING RUN 24 (GP)
============================================================
torch.Size([9, 5])
torch.Size([12, 5])
torch.Size([15, 5])
torch.Size([18, 5])
torch.Size([21, 5])
torch.Size([24, 5])
torch.Size([27, 5])
torch.Size([30, 5])
torch.Size([33, 5])
torch.Size([36, 5])
torch.Size([39, 5])
torch.Size([42, 5])
torch.Size([45, 5])
torch.Size([48, 5])
torch.Size([51, 5])
torch.Size([54, 5])
torch.Size([57, 5])
torch.Size([60, 5])
torch.Size([63, 5])
torch.Size([66, 5])
torch.Size([69, 5])
torch.Size([72, 5])
torch.Size([75, 5])
torch.Size([78, 5])
torch.Size([81, 5])
torch.Size([84, 5])
torch.Size([87, 5])
  GP: Completed run 24/49

============================================================
STARTING RUN 25 (GP)
============================================================
torch.Size([9, 5])
torch.Size([12, 5])
torch.Size([15, 5])
torch.Size([18, 5])
torch.Size([21, 5])
torch.Size([24, 5])
torch.Size([27, 5])
torch.Size([30, 5])
torch.Size([33, 5])
torch.Size([36, 5])
torch.Size([39, 5])
torch.Size([42, 5])
torch.Size([45, 5])
torch.Size([48, 5])
torch.Size([51, 5])
torch.Size([54, 5])
torch.Size([57, 5])
torch.Size([60, 5])
torch.Size([63, 5])
torch.Size([66, 5])
torch.Size([69, 5])
torch.Size([72, 5])
torch.Size([75, 5])
torch.Size([78, 5])
torch.Size([81, 5])
torch.Size([84, 5])
torch.Size([87, 5])
  GP: Completed run 25/49

============================================================
STARTING RUN 26 (GP)
============================================================
torch.Size([9, 5])
torch.Size([12, 5])
torch.Size([15, 5])
torch.Size([18, 5])
torch.Size([21, 5])
torch.Size([24, 5])
torch.Size([27, 5])
torch.Size([30, 5])
torch.Size([33, 5])
torch.Size([36, 5])
torch.Size([39, 5])
torch.Size([42, 5])
torch.Size([45, 5])
torch.Size([48, 5])
torch.Size([51, 5])
torch.Size([54, 5])
torch.Size([57, 5])
torch.Size([60, 5])
torch.Size([63, 5])
torch.Size([66, 5])
torch.Size([69, 5])
torch.Size([72, 5])
torch.Size([75, 5])
torch.Size([78, 5])
torch.Size([81, 5])
torch.Size([84, 5])
torch.Size([87, 5])
  GP: Completed run 26/49

============================================================
STARTING RUN 27 (GP)
============================================================
torch.Size([9, 5])
torch.Size([12, 5])
torch.Size([15, 5])
torch.Size([18, 5])
torch.Size([21, 5])
torch.Size([24, 5])
torch.Size([27, 5])
torch.Size([30, 5])
torch.Size([33, 5])
torch.Size([36, 5])
torch.Size([39, 5])
torch.Size([42, 5])
torch.Size([45, 5])
torch.Size([48, 5])
torch.Size([51, 5])
torch.Size([54, 5])
torch.Size([57, 5])
torch.Size([60, 5])
torch.Size([63, 5])
torch.Size([66, 5])
torch.Size([69, 5])
torch.Size([72, 5])
torch.Size([75, 5])
torch.Size([78, 5])
torch.Size([81, 5])
torch.Size([84, 5])
torch.Size([87, 5])
  GP: Completed run 27/49

============================================================
STARTING RUN 28 (GP)
============================================================
torch.Size([9, 5])
torch.Size([12, 5])
torch.Size([15, 5])
torch.Size([18, 5])
torch.Size([21, 5])
torch.Size([24, 5])
torch.Size([27, 5])
torch.Size([30, 5])
torch.Size([33, 5])
torch.Size([36, 5])
torch.Size([39, 5])
torch.Size([42, 5])
torch.Size([45, 5])
torch.Size([48, 5])
torch.Size([51, 5])
torch.Size([54, 5])
torch.Size([57, 5])
torch.Size([60, 5])
torch.Size([63, 5])
torch.Size([66, 5])
torch.Size([69, 5])
torch.Size([72, 5])
torch.Size([75, 5])
torch.Size([78, 5])
torch.Size([81, 5])
torch.Size([84, 5])
torch.Size([87, 5])
  GP: Completed run 28/49

============================================================
STARTING RUN 29 (GP)
============================================================
torch.Size([9, 5])
torch.Size([12, 5])
torch.Size([15, 5])
torch.Size([18, 5])
torch.Size([21, 5])
torch.Size([24, 5])
torch.Size([27, 5])
torch.Size([30, 5])
torch.Size([33, 5])
torch.Size([36, 5])
torch.Size([39, 5])
torch.Size([42, 5])
torch.Size([45, 5])
torch.Size([48, 5])
torch.Size([51, 5])
torch.Size([54, 5])
torch.Size([57, 5])
torch.Size([60, 5])
torch.Size([63, 5])
torch.Size([66, 5])
torch.Size([69, 5])
torch.Size([72, 5])
torch.Size([75, 5])
torch.Size([78, 5])
torch.Size([81, 5])
torch.Size([84, 5])
torch.Size([87, 5])
  GP: Completed run 29/49

============================================================
STARTING RUN 30 (GP)
============================================================
torch.Size([9, 5])
torch.Size([12, 5])
torch.Size([15, 5])
torch.Size([18, 5])
torch.Size([21, 5])
torch.Size([24, 5])
torch.Size([27, 5])
torch.Size([30, 5])
torch.Size([33, 5])
torch.Size([36, 5])
torch.Size([39, 5])
torch.Size([42, 5])
torch.Size([45, 5])
torch.Size([48, 5])
torch.Size([51, 5])
torch.Size([54, 5])
torch.Size([57, 5])
torch.Size([60, 5])
torch.Size([63, 5])
torch.Size([66, 5])
torch.Size([69, 5])
torch.Size([72, 5])
torch.Size([75, 5])
torch.Size([78, 5])
torch.Size([81, 5])
torch.Size([84, 5])
torch.Size([87, 5])
  GP: Completed run 30/49

============================================================
STARTING RUN 31 (GP)
============================================================
torch.Size([9, 5])
torch.Size([12, 5])
torch.Size([15, 5])
torch.Size([18, 5])
torch.Size([21, 5])
torch.Size([24, 5])
torch.Size([27, 5])
torch.Size([30, 5])
torch.Size([33, 5])
torch.Size([36, 5])
torch.Size([39, 5])
torch.Size([42, 5])
torch.Size([45, 5])
torch.Size([48, 5])
torch.Size([51, 5])
torch.Size([54, 5])
torch.Size([57, 5])
torch.Size([60, 5])
torch.Size([63, 5])
torch.Size([66, 5])
torch.Size([69, 5])
torch.Size([72, 5])
torch.Size([75, 5])
torch.Size([78, 5])
torch.Size([81, 5])
torch.Size([84, 5])
torch.Size([87, 5])
  GP: Completed run 31/49

============================================================
STARTING RUN 32 (GP)
============================================================
torch.Size([9, 5])
torch.Size([12, 5])
torch.Size([15, 5])
torch.Size([18, 5])
torch.Size([21, 5])
torch.Size([24, 5])
torch.Size([27, 5])
torch.Size([30, 5])
torch.Size([33, 5])
torch.Size([36, 5])
torch.Size([39, 5])
torch.Size([42, 5])
torch.Size([45, 5])
torch.Size([48, 5])
torch.Size([51, 5])
torch.Size([54, 5])
torch.Size([57, 5])
torch.Size([60, 5])
torch.Size([63, 5])
torch.Size([66, 5])
torch.Size([69, 5])
torch.Size([72, 5])
torch.Size([75, 5])
torch.Size([78, 5])
torch.Size([81, 5])
torch.Size([84, 5])
torch.Size([87, 5])
  GP: Completed run 32/49

============================================================
STARTING RUN 33 (GP)
============================================================
torch.Size([9, 5])
torch.Size([12, 5])
torch.Size([15, 5])
torch.Size([18, 5])
torch.Size([21, 5])
torch.Size([24, 5])
torch.Size([27, 5])
torch.Size([30, 5])
torch.Size([33, 5])
torch.Size([36, 5])
torch.Size([39, 5])
torch.Size([42, 5])
torch.Size([45, 5])
torch.Size([48, 5])
torch.Size([51, 5])
torch.Size([54, 5])
torch.Size([57, 5])
torch.Size([60, 5])
torch.Size([63, 5])
torch.Size([66, 5])
torch.Size([69, 5])
torch.Size([72, 5])
torch.Size([75, 5])
torch.Size([78, 5])
torch.Size([81, 5])
torch.Size([84, 5])
torch.Size([87, 5])
  GP: Completed run 33/49

============================================================
STARTING RUN 34 (GP)
============================================================
torch.Size([9, 5])
torch.Size([12, 5])
torch.Size([15, 5])
torch.Size([18, 5])
torch.Size([21, 5])
torch.Size([24, 5])
torch.Size([27, 5])
torch.Size([30, 5])
torch.Size([33, 5])
torch.Size([36, 5])
torch.Size([39, 5])
torch.Size([42, 5])
torch.Size([45, 5])
torch.Size([48, 5])
torch.Size([51, 5])
torch.Size([54, 5])
torch.Size([57, 5])
torch.Size([60, 5])
torch.Size([63, 5])
torch.Size([66, 5])
torch.Size([69, 5])
torch.Size([72, 5])
torch.Size([75, 5])
torch.Size([78, 5])
torch.Size([81, 5])
torch.Size([84, 5])
torch.Size([87, 5])
  GP: Completed run 34/49

============================================================
STARTING RUN 35 (GP)
============================================================
torch.Size([9, 5])
torch.Size([12, 5])
torch.Size([15, 5])
torch.Size([18, 5])
torch.Size([21, 5])
torch.Size([24, 5])
torch.Size([27, 5])
torch.Size([30, 5])
torch.Size([33, 5])
torch.Size([36, 5])
torch.Size([39, 5])
torch.Size([42, 5])
torch.Size([45, 5])
torch.Size([48, 5])
torch.Size([51, 5])
torch.Size([54, 5])
torch.Size([57, 5])
torch.Size([60, 5])
torch.Size([63, 5])
torch.Size([66, 5])
torch.Size([69, 5])
torch.Size([72, 5])
torch.Size([75, 5])
torch.Size([78, 5])
torch.Size([81, 5])
torch.Size([84, 5])
torch.Size([87, 5])
  GP: Completed run 35/49

============================================================
STARTING RUN 36 (GP)
============================================================
torch.Size([9, 5])
RuntimeError during GP training. Treating as underdetermined.
torch.Size([12, 5])
torch.Size([15, 5])
torch.Size([18, 5])
torch.Size([21, 5])
torch.Size([24, 5])
torch.Size([27, 5])
torch.Size([30, 5])
torch.Size([33, 5])
torch.Size([36, 5])
torch.Size([39, 5])
torch.Size([42, 5])
torch.Size([45, 5])
torch.Size([48, 5])
torch.Size([51, 5])
torch.Size([54, 5])
torch.Size([57, 5])
torch.Size([60, 5])
torch.Size([63, 5])
torch.Size([66, 5])
torch.Size([69, 5])
torch.Size([72, 5])
torch.Size([75, 5])
torch.Size([78, 5])
torch.Size([81, 5])
torch.Size([84, 5])
torch.Size([87, 5])
  GP: Completed run 36/49

============================================================
STARTING RUN 37 (GP)
============================================================
torch.Size([9, 5])
torch.Size([12, 5])
torch.Size([15, 5])
torch.Size([18, 5])
torch.Size([21, 5])
torch.Size([24, 5])
torch.Size([27, 5])
torch.Size([30, 5])
torch.Size([33, 5])
torch.Size([36, 5])
torch.Size([39, 5])
torch.Size([42, 5])
torch.Size([45, 5])
torch.Size([48, 5])
torch.Size([51, 5])
torch.Size([54, 5])
torch.Size([57, 5])
torch.Size([60, 5])
torch.Size([63, 5])
torch.Size([66, 5])
torch.Size([69, 5])
torch.Size([72, 5])
torch.Size([75, 5])
torch.Size([78, 5])
torch.Size([81, 5])
torch.Size([84, 5])
torch.Size([87, 5])
  GP: Completed run 37/49

============================================================
STARTING RUN 38 (GP)
============================================================
torch.Size([9, 5])
torch.Size([12, 5])
torch.Size([15, 5])
torch.Size([18, 5])
torch.Size([21, 5])
torch.Size([24, 5])
torch.Size([27, 5])
torch.Size([30, 5])
torch.Size([33, 5])
torch.Size([36, 5])
torch.Size([39, 5])
torch.Size([42, 5])
torch.Size([45, 5])
torch.Size([48, 5])
torch.Size([51, 5])
torch.Size([54, 5])
torch.Size([57, 5])
torch.Size([60, 5])
torch.Size([63, 5])
torch.Size([66, 5])
torch.Size([69, 5])
torch.Size([72, 5])
torch.Size([75, 5])
torch.Size([78, 5])
torch.Size([81, 5])
torch.Size([84, 5])
torch.Size([87, 5])
  GP: Completed run 38/49

============================================================
STARTING RUN 39 (GP)
============================================================
torch.Size([9, 5])
torch.Size([12, 5])
torch.Size([15, 5])
torch.Size([18, 5])
torch.Size([21, 5])
torch.Size([24, 5])
torch.Size([27, 5])
torch.Size([30, 5])
torch.Size([33, 5])
torch.Size([36, 5])
torch.Size([39, 5])
torch.Size([42, 5])
torch.Size([45, 5])
torch.Size([48, 5])
torch.Size([51, 5])
torch.Size([54, 5])
torch.Size([57, 5])
torch.Size([60, 5])
torch.Size([63, 5])
torch.Size([66, 5])
torch.Size([69, 5])
torch.Size([72, 5])
torch.Size([75, 5])
torch.Size([78, 5])
torch.Size([81, 5])
torch.Size([84, 5])
torch.Size([87, 5])
  GP: Completed run 39/49

============================================================
STARTING RUN 40 (GP)
============================================================
torch.Size([9, 5])
torch.Size([12, 5])
torch.Size([15, 5])
torch.Size([18, 5])
torch.Size([21, 5])
torch.Size([24, 5])
torch.Size([27, 5])
torch.Size([30, 5])
torch.Size([33, 5])
torch.Size([36, 5])
torch.Size([39, 5])
torch.Size([42, 5])
torch.Size([45, 5])
torch.Size([48, 5])
torch.Size([51, 5])
torch.Size([54, 5])
torch.Size([57, 5])
torch.Size([60, 5])
torch.Size([63, 5])
torch.Size([66, 5])
torch.Size([69, 5])
torch.Size([72, 5])
torch.Size([75, 5])
torch.Size([78, 5])
torch.Size([81, 5])
torch.Size([84, 5])
torch.Size([87, 5])
  GP: Completed run 40/49

============================================================
STARTING RUN 41 (GP)
============================================================
torch.Size([9, 5])
torch.Size([12, 5])
torch.Size([15, 5])
torch.Size([18, 5])
torch.Size([21, 5])
torch.Size([24, 5])
torch.Size([27, 5])
torch.Size([30, 5])
torch.Size([33, 5])
torch.Size([36, 5])
torch.Size([39, 5])
torch.Size([42, 5])
torch.Size([45, 5])
torch.Size([48, 5])
torch.Size([51, 5])
torch.Size([54, 5])
torch.Size([57, 5])
torch.Size([60, 5])
torch.Size([63, 5])
torch.Size([66, 5])
torch.Size([69, 5])
torch.Size([72, 5])
torch.Size([75, 5])
torch.Size([78, 5])
torch.Size([81, 5])
torch.Size([84, 5])
torch.Size([87, 5])
  GP: Completed run 41/49

============================================================
STARTING RUN 42 (GP)
============================================================
torch.Size([9, 5])
torch.Size([12, 5])
torch.Size([15, 5])
torch.Size([18, 5])
torch.Size([21, 5])
torch.Size([24, 5])
torch.Size([27, 5])
torch.Size([30, 5])
torch.Size([33, 5])
torch.Size([36, 5])
torch.Size([39, 5])
torch.Size([42, 5])
torch.Size([45, 5])
torch.Size([48, 5])
torch.Size([51, 5])
torch.Size([54, 5])
torch.Size([57, 5])
torch.Size([60, 5])
torch.Size([63, 5])
torch.Size([66, 5])
torch.Size([69, 5])
torch.Size([72, 5])
torch.Size([75, 5])
torch.Size([78, 5])
torch.Size([81, 5])
torch.Size([84, 5])
torch.Size([87, 5])
  GP: Completed run 42/49

============================================================
STARTING RUN 43 (GP)
============================================================
torch.Size([9, 5])
torch.Size([12, 5])
torch.Size([15, 5])
torch.Size([18, 5])
torch.Size([21, 5])
torch.Size([24, 5])
torch.Size([27, 5])
torch.Size([30, 5])
torch.Size([33, 5])
torch.Size([36, 5])
torch.Size([39, 5])
torch.Size([42, 5])
torch.Size([45, 5])
torch.Size([48, 5])
torch.Size([51, 5])
torch.Size([54, 5])
torch.Size([57, 5])
torch.Size([60, 5])
torch.Size([63, 5])
torch.Size([66, 5])
torch.Size([69, 5])
torch.Size([72, 5])
torch.Size([75, 5])
torch.Size([78, 5])
torch.Size([81, 5])
torch.Size([84, 5])
torch.Size([87, 5])
  GP: Completed run 43/49

============================================================
STARTING RUN 44 (GP)
============================================================
torch.Size([9, 5])
torch.Size([12, 5])
torch.Size([15, 5])
torch.Size([18, 5])
torch.Size([21, 5])
torch.Size([24, 5])
torch.Size([27, 5])
torch.Size([30, 5])
torch.Size([33, 5])
torch.Size([36, 5])
torch.Size([39, 5])
torch.Size([42, 5])
torch.Size([45, 5])
torch.Size([48, 5])
torch.Size([51, 5])
torch.Size([54, 5])
torch.Size([57, 5])
torch.Size([60, 5])
torch.Size([63, 5])
torch.Size([66, 5])
torch.Size([69, 5])
torch.Size([72, 5])
torch.Size([75, 5])
torch.Size([78, 5])
torch.Size([81, 5])
torch.Size([84, 5])
torch.Size([87, 5])
  GP: Completed run 44/49

============================================================
STARTING RUN 45 (GP)
============================================================
torch.Size([9, 5])
torch.Size([12, 5])
torch.Size([15, 5])
torch.Size([18, 5])
torch.Size([21, 5])
torch.Size([24, 5])
torch.Size([27, 5])
torch.Size([30, 5])
torch.Size([33, 5])
torch.Size([36, 5])
torch.Size([39, 5])
torch.Size([42, 5])
torch.Size([45, 5])
torch.Size([48, 5])
torch.Size([51, 5])
torch.Size([54, 5])
torch.Size([57, 5])
torch.Size([60, 5])
torch.Size([63, 5])
torch.Size([66, 5])
torch.Size([69, 5])
torch.Size([72, 5])
torch.Size([75, 5])
torch.Size([78, 5])
torch.Size([81, 5])
torch.Size([84, 5])
torch.Size([87, 5])
  GP: Completed run 45/49

============================================================
STARTING RUN 46 (GP)
============================================================
torch.Size([9, 5])
torch.Size([12, 5])
torch.Size([15, 5])
torch.Size([18, 5])
torch.Size([21, 5])
torch.Size([24, 5])
torch.Size([27, 5])
torch.Size([30, 5])
torch.Size([33, 5])
torch.Size([36, 5])
torch.Size([39, 5])
torch.Size([42, 5])
torch.Size([45, 5])
torch.Size([48, 5])
torch.Size([51, 5])
torch.Size([54, 5])
torch.Size([57, 5])
torch.Size([60, 5])
torch.Size([63, 5])
torch.Size([66, 5])
torch.Size([69, 5])
torch.Size([72, 5])
torch.Size([75, 5])
torch.Size([78, 5])
torch.Size([81, 5])
torch.Size([84, 5])
torch.Size([87, 5])
  GP: Completed run 46/49

============================================================
STARTING RUN 47 (GP)
============================================================
torch.Size([9, 5])
torch.Size([12, 5])
torch.Size([15, 5])
torch.Size([18, 5])
torch.Size([21, 5])
torch.Size([24, 5])
torch.Size([27, 5])
torch.Size([30, 5])
torch.Size([33, 5])
torch.Size([36, 5])
torch.Size([39, 5])
torch.Size([42, 5])
torch.Size([45, 5])
torch.Size([48, 5])
torch.Size([51, 5])
torch.Size([54, 5])
torch.Size([57, 5])
torch.Size([60, 5])
torch.Size([63, 5])
torch.Size([66, 5])
torch.Size([69, 5])
torch.Size([72, 5])
torch.Size([75, 5])
torch.Size([78, 5])
torch.Size([81, 5])
torch.Size([84, 5])
torch.Size([87, 5])
  GP: Completed run 47/49

============================================================
STARTING RUN 48 (GP)
============================================================
torch.Size([9, 5])
torch.Size([12, 5])
torch.Size([15, 5])
torch.Size([18, 5])
torch.Size([21, 5])
torch.Size([24, 5])
torch.Size([27, 5])
torch.Size([30, 5])
torch.Size([33, 5])
torch.Size([36, 5])
torch.Size([39, 5])
torch.Size([42, 5])
torch.Size([45, 5])
torch.Size([48, 5])
torch.Size([51, 5])
torch.Size([54, 5])
torch.Size([57, 5])
torch.Size([60, 5])
torch.Size([63, 5])
torch.Size([66, 5])
torch.Size([69, 5])
torch.Size([72, 5])
torch.Size([75, 5])
torch.Size([78, 5])
torch.Size([81, 5])
torch.Size([84, 5])
torch.Size([87, 5])
  GP: Completed run 48/49

============================================================
STARTING RUN 49 (GP)
============================================================
torch.Size([9, 5])
torch.Size([12, 5])
torch.Size([15, 5])
torch.Size([18, 5])
torch.Size([21, 5])
torch.Size([24, 5])
torch.Size([27, 5])
torch.Size([30, 5])
torch.Size([33, 5])
torch.Size([36, 5])
torch.Size([39, 5])
torch.Size([42, 5])
torch.Size([45, 5])
torch.Size([48, 5])
torch.Size([51, 5])
torch.Size([54, 5])
torch.Size([57, 5])
torch.Size([60, 5])
torch.Size([63, 5])
torch.Size([66, 5])
torch.Size([69, 5])
torch.Size([72, 5])
torch.Size([75, 5])
torch.Size([78, 5])
torch.Size([81, 5])
torch.Size([84, 5])
torch.Size([87, 5])
  GP: Completed run 49/49

Experiments completed! Generating plots...
Saved: active_learning_results_GP/cummax_FE_grid.png
Saved: active_learning_results_GP/active_learning_combined.png

============================================================
SUMMARY STATISTICS
============================================================

GP:
  Mean steps to FE=0.245: 4.84 ± 3.38
  Acceleration factor: 2.69x

Done!
