Running 50 experiments for each model...
Running GP+Ph experiments...

============================================================
STARTING RUN 0 (GP+Ph)
============================================================
  GP+Ph: Completed run 0/49

============================================================
STARTING RUN 1 (GP+Ph)
============================================================
  GP+Ph: Completed run 1/49

============================================================
STARTING RUN 2 (GP+Ph)
============================================================
  GP+Ph: Completed run 2/49

============================================================
STARTING RUN 3 (GP+Ph)
============================================================
RuntimeError during GP training. Treating as underdetermined.
  GP+Ph: Completed run 3/49

============================================================
STARTING RUN 4 (GP+Ph)
============================================================
  GP+Ph: Completed run 4/49

============================================================
STARTING RUN 5 (GP+Ph)
============================================================
  GP+Ph: Completed run 5/49

============================================================
STARTING RUN 6 (GP+Ph)
============================================================
  GP+Ph: Completed run 6/49

============================================================
STARTING RUN 7 (GP+Ph)
============================================================
  GP+Ph: Completed run 7/49

============================================================
STARTING RUN 8 (GP+Ph)
============================================================
  GP+Ph: Completed run 8/49

============================================================
STARTING RUN 9 (GP+Ph)
============================================================
  GP+Ph: Completed run 9/49

============================================================
STARTING RUN 10 (GP+Ph)
============================================================
  GP+Ph: Completed run 10/49

============================================================
STARTING RUN 11 (GP+Ph)
============================================================
  GP+Ph: Completed run 11/49

============================================================
STARTING RUN 12 (GP+Ph)
============================================================
  GP+Ph: Completed run 12/49

============================================================
STARTING RUN 13 (GP+Ph)
============================================================
RuntimeError during GP training. Treating as underdetermined.
  GP+Ph: Completed run 13/49

============================================================
STARTING RUN 14 (GP+Ph)
============================================================
  GP+Ph: Completed run 14/49

============================================================
STARTING RUN 15 (GP+Ph)
============================================================
  GP+Ph: Completed run 15/49

============================================================
STARTING RUN 16 (GP+Ph)
============================================================
  GP+Ph: Completed run 16/49

============================================================
STARTING RUN 17 (GP+Ph)
============================================================
RuntimeError during GP training. Treating as underdetermined.
  GP+Ph: Completed run 17/49

============================================================
STARTING RUN 18 (GP+Ph)
============================================================
  GP+Ph: Completed run 18/49

============================================================
STARTING RUN 19 (GP+Ph)
============================================================
  GP+Ph: Completed run 19/49

============================================================
STARTING RUN 20 (GP+Ph)
============================================================
  GP+Ph: Completed run 20/49

============================================================
STARTING RUN 21 (GP+Ph)
============================================================
  GP+Ph: Completed run 21/49

============================================================
STARTING RUN 22 (GP+Ph)
============================================================
  GP+Ph: Completed run 22/49

============================================================
STARTING RUN 23 (GP+Ph)
============================================================
  GP+Ph: Completed run 23/49

============================================================
STARTING RUN 24 (GP+Ph)
============================================================
  GP+Ph: Completed run 24/49

============================================================
STARTING RUN 25 (GP+Ph)
============================================================
  GP+Ph: Completed run 25/49

============================================================
STARTING RUN 26 (GP+Ph)
============================================================
  GP+Ph: Completed run 26/49

============================================================
STARTING RUN 27 (GP+Ph)
============================================================
  GP+Ph: Completed run 27/49

============================================================
STARTING RUN 28 (GP+Ph)
============================================================
  GP+Ph: Completed run 28/49

============================================================
STARTING RUN 29 (GP+Ph)
============================================================
  GP+Ph: Completed run 29/49

============================================================
STARTING RUN 30 (GP+Ph)
============================================================
  GP+Ph: Completed run 30/49

============================================================
STARTING RUN 31 (GP+Ph)
============================================================
RuntimeError during GP training. Treating as underdetermined.
  GP+Ph: Completed run 31/49

============================================================
STARTING RUN 32 (GP+Ph)
============================================================
RuntimeError during GP training. Treating as underdetermined.
RuntimeError during GP training. Treating as underdetermined.
  GP+Ph: Completed run 32/49

============================================================
STARTING RUN 33 (GP+Ph)
============================================================
  GP+Ph: Completed run 33/49

============================================================
STARTING RUN 34 (GP+Ph)
============================================================
  GP+Ph: Completed run 34/49

============================================================
STARTING RUN 35 (GP+Ph)
============================================================
  GP+Ph: Completed run 35/49

============================================================
STARTING RUN 36 (GP+Ph)
============================================================
  GP+Ph: Completed run 36/49

============================================================
STARTING RUN 37 (GP+Ph)
============================================================
  GP+Ph: Completed run 37/49

============================================================
STARTING RUN 38 (GP+Ph)
============================================================
  GP+Ph: Completed run 38/49

============================================================
STARTING RUN 39 (GP+Ph)
============================================================
  GP+Ph: Completed run 39/49

============================================================
STARTING RUN 40 (GP+Ph)
============================================================
  GP+Ph: Completed run 40/49

============================================================
STARTING RUN 41 (GP+Ph)
============================================================
  GP+Ph: Completed run 41/49

============================================================
STARTING RUN 42 (GP+Ph)
============================================================
  GP+Ph: Completed run 42/49

============================================================
STARTING RUN 43 (GP+Ph)
============================================================
  GP+Ph: Completed run 43/49

============================================================
STARTING RUN 44 (GP+Ph)
============================================================
  GP+Ph: Completed run 44/49

============================================================
STARTING RUN 45 (GP+Ph)
============================================================
  GP+Ph: Completed run 45/49

============================================================
STARTING RUN 46 (GP+Ph)
============================================================
  GP+Ph: Completed run 46/49

============================================================
STARTING RUN 47 (GP+Ph)
============================================================
  GP+Ph: Completed run 47/49

============================================================
STARTING RUN 48 (GP+Ph)
============================================================
  GP+Ph: Completed run 48/49

============================================================
STARTING RUN 49 (GP+Ph)
============================================================
  GP+Ph: Completed run 49/49

Experiments completed! Generating plots...
Saved: active_learning_results_GP/cummax_FE_grid.png
Saved: active_learning_results_GP/active_learning_combined.png

============================================================
SUMMARY STATISTICS
============================================================

GP+Ph:
  Mean steps to FE=0.245: 6.34 ± 2.48
  Acceleration factor: 2.05x

Done!
